SF:/Users/developer/DartPackages/dart_vgv_testing_tutorial/test/dart_vgv_testing_tutorial_test.dart
DA:5,1
DA:10,1
DA:12,1
DA:14,1
DA:16,1
DA:18,1
LF:6
LH:6
end_of_record
SF:/Users/developer/DartPackages/dart_vgv_testing_tutorial/test/src/futures_test.dart
DA:4,1
DA:7,1
DA:8,1
DA:13,1
DA:15,1
DA:16,1
DA:18,1
DA:19,2
LF:8
LH:8
end_of_record
SF:/Users/developer/DartPackages/dart_vgv_testing_tutorial/test/src/group_test.dart
DA:4,1
DA:5,1
DA:7,1
DA:8,1
DA:10,1
DA:12,2
DA:16,1
DA:18,1
DA:20,2
DA:26,1
DA:28,1
DA:29,1
DA:31,1
DA:33,2
DA:37,1
DA:39,1
DA:41,3
LF:17
LH:17
end_of_record
SF:/Users/developer/DartPackages/dart_vgv_testing_tutorial/test/src/stream_test.dart
DA:4,1
DA:6,2
DA:9,1
DA:11,1
DA:12,1
DA:14,1
DA:15,1
DA:16,1
DA:17,2
LF:9
LH:9
end_of_record
SF:/Users/developer/DartPackages/dart_vgv_testing_tutorial/test/src/matcher_test.dart
DA:4,1
DA:5,1
DA:7,1
DA:8,1
DA:12,1
DA:14,1
DA:16,1
DA:17,2
DA:21,1
DA:23,1
DA:25,1
DA:26,1
LF:12
LH:12
end_of_record
SF:/Users/developer/DartPackages/dart_vgv_testing_tutorial/test/src/error_or_exception_test.dart
DA:4,1
DA:5,1
DA:7,1
DA:9,3
LF:4
LH:4
end_of_record
SF:/Users/developer/DartPackages/dart_vgv_testing_tutorial/test/src/setup_and_teardown_test.dart
DA:4,1
DA:7,1
DA:8,1
DA:13,1
DA:15,1
DA:16,1
DA:18,1
DA:19,2
DA:23,1
DA:25,1
DA:26,2
DA:32,1
DA:34,1
DA:35,1
DA:37,1
DA:38,2
DA:42,1
DA:44,1
DA:45,3
LF:19
LH:19
end_of_record
